<?xml version="1.0" encoding="UTF-8"?>
<testng-results ignored="0" total="38" passed="38" failed="0" skipped="0">
  <reporter-output>
  </reporter-output>
  <suite started-at="2023-08-21T17:50:50 IST" name="Default suite" finished-at="2023-08-21T18:02:37 IST" duration-ms="706910">
    <groups>
    </groups>
    <test started-at="2023-08-21T17:50:50 IST" name="Default test" finished-at="2023-08-21T18:02:37 IST" duration-ms="706910">
      <class name="hrmstest.TestProcess">
        <test-method is-config="true" signature="Setup()[pri:0, instance:hrmstest.TestProcess@2df9b86]" started-at="2023-08-21T17:50:50 IST" name="Setup" finished-at="2023-08-21T17:50:57 IST" duration-ms="6533" status="PASS">
          <reporter-output>
          </reporter-output>
        </test-method> <!-- Setup -->
        <test-method signature="testflow(hrmstest.Employee)[pri:0, instance:hrmstest.TestProcess@2df9b86]" started-at="2023-08-21T17:50:59 IST" name="testflow" data-provider="hrmsdatatest" finished-at="2023-08-21T17:51:18 IST" duration-ms="19170" status="PASS">
          <params>
            <param index="0">
              <value>
                <![CDATA[Employee [employeeName=Kakinada Bhuvanesh (MT-01841), email=bhuvanesh.marolix@gmail.com, role=Employee, password=123456789, empId=null]]]>
              </value>
            </param>
          </params>
          <reporter-output>
          </reporter-output>
        </test-method> <!-- testflow -->
        <test-method signature="testflow(hrmstest.Employee)[pri:0, instance:hrmstest.TestProcess@2df9b86]" started-at="2023-08-21T17:51:18 IST" name="testflow" data-provider="hrmsdatatest" finished-at="2023-08-21T17:51:36 IST" duration-ms="18177" status="PASS">
          <params>
            <param index="0">
              <value>
                <![CDATA[Employee [employeeName=Nagaboina Gopi bhavani (MT-01908), email=gopibhavaninagaboina.marolix@gmail.com, role=Employee, password=123456789, empId=null]]]>
              </value>
            </param>
          </params>
          <reporter-output>
          </reporter-output>
        </test-method> <!-- testflow -->
        <test-method signature="testflow(hrmstest.Employee)[pri:0, instance:hrmstest.TestProcess@2df9b86]" started-at="2023-08-21T17:51:36 IST" name="testflow" data-provider="hrmsdatatest" finished-at="2023-08-21T17:51:55 IST" duration-ms="18489" status="PASS">
          <params>
            <param index="0">
              <value>
                <![CDATA[Employee [employeeName=Sakhamuru Harshini (MT-01924), email=harshini.marolix@gmail.com, role=Employee, password=123456789, empId=null]]]>
              </value>
            </param>
          </params>
          <reporter-output>
          </reporter-output>
        </test-method> <!-- testflow -->
        <test-method signature="testflow(hrmstest.Employee)[pri:0, instance:hrmstest.TestProcess@2df9b86]" started-at="2023-08-21T17:51:55 IST" name="testflow" data-provider="hrmsdatatest" finished-at="2023-08-21T17:52:12 IST" duration-ms="17971" status="PASS">
          <params>
            <param index="0">
              <value>
                <![CDATA[Employee [employeeName=Burri Jyoshna (MT-01946), email=jyoshnamarolix@gmail.com, role=Employee, password=123456789, empId=null]]]>
              </value>
            </param>
          </params>
          <reporter-output>
          </reporter-output>
        </test-method> <!-- testflow -->
        <test-method signature="testflow(hrmstest.Employee)[pri:0, instance:hrmstest.TestProcess@2df9b86]" started-at="2023-08-21T17:52:12 IST" name="testflow" data-provider="hrmsdatatest" finished-at="2023-08-21T17:52:31 IST" duration-ms="18311" status="PASS">
          <params>
            <param index="0">
              <value>
                <![CDATA[Employee [employeeName=Lakshmi Chandrika (MT-01842), email=lakshmichandrika.marolix@gmail.com, role=Employee, password=123456789, empId=null]]]>
              </value>
            </param>
          </params>
          <reporter-output>
          </reporter-output>
        </test-method> <!-- testflow -->
        <test-method signature="testflow(hrmstest.Employee)[pri:0, instance:hrmstest.TestProcess@2df9b86]" started-at="2023-08-21T17:52:31 IST" name="testflow" data-provider="hrmsdatatest" finished-at="2023-08-21T17:52:49 IST" duration-ms="17747" status="PASS">
          <params>
            <param index="0">
              <value>
                <![CDATA[Employee [employeeName=Mahammad Momin (MT-01942), email=mahammadmomin.marolix@gmail.com, role=Employee, password=123456789, empId=null]]]>
              </value>
            </param>
          </params>
          <reporter-output>
          </reporter-output>
        </test-method> <!-- testflow -->
        <test-method signature="testflow(hrmstest.Employee)[pri:0, instance:hrmstest.TestProcess@2df9b86]" started-at="2023-08-21T17:52:49 IST" name="testflow" data-provider="hrmsdatatest" finished-at="2023-08-21T17:53:06 IST" duration-ms="17887" status="PASS">
          <params>
            <param index="0">
              <value>
                <![CDATA[Employee [employeeName=Devarashetty Nikhil (MT-01954), email=nikhil5.marolix@gmail.com, role=Employee, password=123456789, empId=null]]]>
              </value>
            </param>
          </params>
          <reporter-output>
          </reporter-output>
        </test-method> <!-- testflow -->
        <test-method signature="testflow(hrmstest.Employee)[pri:0, instance:hrmstest.TestProcess@2df9b86]" started-at="2023-08-21T17:53:06 IST" name="testflow" data-provider="hrmsdatatest" finished-at="2023-08-21T17:53:25 IST" duration-ms="18259" status="PASS">
          <params>
            <param index="0">
              <value>
                <![CDATA[Employee [employeeName=Kesineni Ramya sree (MT-01402), email=ramya.marolix@gmail.com, role=Employee, password=123456789, empId=null]]]>
              </value>
            </param>
          </params>
          <reporter-output>
          </reporter-output>
        </test-method> <!-- testflow -->
        <test-method signature="testflow(hrmstest.Employee)[pri:0, instance:hrmstest.TestProcess@2df9b86]" started-at="2023-08-21T17:53:25 IST" name="testflow" data-provider="hrmsdatatest" finished-at="2023-08-21T17:53:43 IST" duration-ms="18214" status="PASS">
          <params>
            <param index="0">
              <value>
                <![CDATA[Employee [employeeName=Ravi ranjan mishra (MT-01895), email=ravimishra.marolix@gmail.com, role=Employee, password=123456789, empId=null]]]>
              </value>
            </param>
          </params>
          <reporter-output>
          </reporter-output>
        </test-method> <!-- testflow -->
        <test-method signature="testflow(hrmstest.Employee)[pri:0, instance:hrmstest.TestProcess@2df9b86]" started-at="2023-08-21T17:53:43 IST" name="testflow" data-provider="hrmsdatatest" finished-at="2023-08-21T17:54:01 IST" duration-ms="17853" status="PASS">
          <params>
            <param index="0">
              <value>
                <![CDATA[Employee [employeeName=Velamala Ravichandra (MT-01947), email=ravivelamala.marolix@gmail.com, role=Employee, password=123456789, empId=null]]]>
              </value>
            </param>
          </params>
          <reporter-output>
          </reporter-output>
        </test-method> <!-- testflow -->
        <test-method signature="testflow(hrmstest.Employee)[pri:0, instance:hrmstest.TestProcess@2df9b86]" started-at="2023-08-21T17:54:01 IST" name="testflow" data-provider="hrmsdatatest" finished-at="2023-08-21T17:54:19 IST" duration-ms="17755" status="PASS">
          <params>
            <param index="0">
              <value>
                <![CDATA[Employee [employeeName=Tamada Santosh kumar (MT-01889), email=santoshkumar.marolix@gmail.com, role=Employee, password=123456789, empId=null]]]>
              </value>
            </param>
          </params>
          <reporter-output>
          </reporter-output>
        </test-method> <!-- testflow -->
        <test-method signature="testflow(hrmstest.Employee)[pri:0, instance:hrmstest.TestProcess@2df9b86]" started-at="2023-08-21T17:54:19 IST" name="testflow" data-provider="hrmsdatatest" finished-at="2023-08-21T17:54:36 IST" duration-ms="17736" status="PASS">
          <params>
            <param index="0">
              <value>
                <![CDATA[Employee [employeeName=Busappagari Shanmukha (MT-01829), email=shannub556.marolix@gmail.com, role=Employee, password=123456789, empId=null]]]>
              </value>
            </param>
          </params>
          <reporter-output>
          </reporter-output>
        </test-method> <!-- testflow -->
        <test-method signature="testflow(hrmstest.Employee)[pri:0, instance:hrmstest.TestProcess@2df9b86]" started-at="2023-08-21T17:54:36 IST" name="testflow" data-provider="hrmsdatatest" finished-at="2023-08-21T17:54:57 IST" duration-ms="20805" status="PASS">
          <params>
            <param index="0">
              <value>
                <![CDATA[Employee [employeeName=Kandula Sivashankara sasidhar (MT-01949), email=sivashankar.marolix@gmail.com, role=Employee, password=123456789, empId=null]]]>
              </value>
            </param>
          </params>
          <reporter-output>
          </reporter-output>
        </test-method> <!-- testflow -->
        <test-method signature="testflow(hrmstest.Employee)[pri:0, instance:hrmstest.TestProcess@2df9b86]" started-at="2023-08-21T17:54:57 IST" name="testflow" data-provider="hrmsdatatest" finished-at="2023-08-21T17:55:18 IST" duration-ms="21373" status="PASS">
          <params>
            <param index="0">
              <value>
                <![CDATA[Employee [employeeName=Koutharapu sivarama krishna (MT-01838), email=koutharapusivaram.marolix@gmail.com, role=Employee, password=123456789, empId=null]]]>
              </value>
            </param>
          </params>
          <reporter-output>
          </reporter-output>
        </test-method> <!-- testflow -->
        <test-method signature="testflow(hrmstest.Employee)[pri:0, instance:hrmstest.TestProcess@2df9b86]" started-at="2023-08-21T17:55:18 IST" name="testflow" data-provider="hrmsdatatest" finished-at="2023-08-21T17:55:36 IST" duration-ms="17900" status="PASS">
          <params>
            <param index="0">
              <value>
                <![CDATA[Employee [employeeName=Maloth Suresh (MT-01931), email=suresh.marolix99@gmail.com, role=Employee, password=123456789, empId=null]]]>
              </value>
            </param>
          </params>
          <reporter-output>
          </reporter-output>
        </test-method> <!-- testflow -->
        <test-method signature="testflow(hrmstest.Employee)[pri:0, instance:hrmstest.TestProcess@2df9b86]" started-at="2023-08-21T17:55:36 IST" name="testflow" data-provider="hrmsdatatest" finished-at="2023-08-21T17:55:55 IST" duration-ms="18501" status="PASS">
          <params>
            <param index="0">
              <value>
                <![CDATA[Employee [employeeName=Miriyala Venkata suresh babu (MT-01968), email=suresh123.marolix@gmail.com, role=Employee, password=123456789, empId=null]]]>
              </value>
            </param>
          </params>
          <reporter-output>
          </reporter-output>
        </test-method> <!-- testflow -->
        <test-method signature="testflow(hrmstest.Employee)[pri:0, instance:hrmstest.TestProcess@2df9b86]" started-at="2023-08-21T17:55:55 IST" name="testflow" data-provider="hrmsdatatest" finished-at="2023-08-21T17:56:13 IST" duration-ms="18296" status="PASS">
          <params>
            <param index="0">
              <value>
                <![CDATA[Employee [employeeName=Nanneboyina Venkatasai (MT-01884), email=venkatasainmarolix@gmail.com, role=Employee, password=123456789, empId=null]]]>
              </value>
            </param>
          </params>
          <reporter-output>
          </reporter-output>
        </test-method> <!-- testflow -->
        <test-method signature="testflow(hrmstest.Employee)[pri:0, instance:hrmstest.TestProcess@2df9b86]" started-at="2023-08-21T17:56:13 IST" name="testflow" data-provider="hrmsdatatest" finished-at="2023-08-21T17:56:31 IST" duration-ms="17931" status="PASS">
          <params>
            <param index="0">
              <value>
                <![CDATA[Employee [employeeName=Vinnamala Durga venkata sai kumar (MT-01888), email=vdvsaikumar.maroli@gmail.com, role=Employee, password=123456789, empId=null]]]>
              </value>
            </param>
          </params>
          <reporter-output>
          </reporter-output>
        </test-method> <!-- testflow -->
        <test-method signature="testflow(hrmstest.Employee)[pri:0, instance:hrmstest.TestProcess@2df9b86]" started-at="2023-08-21T17:56:31 IST" name="testflow" data-provider="hrmsdatatest" finished-at="2023-08-21T17:56:49 IST" duration-ms="18109" status="PASS">
          <params>
            <param index="0">
              <value>
                <![CDATA[Employee [employeeName=Yejju Vamsi krishna (MT-01840), email=vamsikrishnay.marolix@gmail.com, role=Employee, password=123456789, empId=null]]]>
              </value>
            </param>
          </params>
          <reporter-output>
          </reporter-output>
        </test-method> <!-- testflow -->
        <test-method signature="testflow(hrmstest.Employee)[pri:0, instance:hrmstest.TestProcess@2df9b86]" started-at="2023-08-21T17:56:49 IST" name="testflow" data-provider="hrmsdatatest" finished-at="2023-08-21T17:57:07 IST" duration-ms="17737" status="PASS">
          <params>
            <param index="0">
              <value>
                <![CDATA[Employee [employeeName=Naheda mohammad (MT-01953), email=naheda.marolix@gmail.com, role=Employee, password=123456789, empId=null]]]>
              </value>
            </param>
          </params>
          <reporter-output>
          </reporter-output>
        </test-method> <!-- testflow -->
        <test-method signature="testflow(hrmstest.Employee)[pri:0, instance:hrmstest.TestProcess@2df9b86]" started-at="2023-08-21T17:57:07 IST" name="testflow" data-provider="hrmsdatatest" finished-at="2023-08-21T17:57:24 IST" duration-ms="17559" status="PASS">
          <params>
            <param index="0">
              <value>
                <![CDATA[Employee [employeeName=Kanugonda Babureddy (MT-01691), email=babumarolix@gmail.com, role=Employee, password=123456789, empId=null]]]>
              </value>
            </param>
          </params>
          <reporter-output>
          </reporter-output>
        </test-method> <!-- testflow -->
        <test-method signature="testflow(hrmstest.Employee)[pri:0, instance:hrmstest.TestProcess@2df9b86]" started-at="2023-08-21T17:57:24 IST" name="testflow" data-provider="hrmsdatatest" finished-at="2023-08-21T17:57:42 IST" duration-ms="17559" status="PASS">
          <params>
            <param index="0">
              <value>
                <![CDATA[Employee [employeeName=Gorantla Balakrishna (MT-01824), email=balakrishnagorantla.marolix@gmail.com, role=Employee, password=123456789, empId=null]]]>
              </value>
            </param>
          </params>
          <reporter-output>
          </reporter-output>
        </test-method> <!-- testflow -->
        <test-method signature="testflow(hrmstest.Employee)[pri:0, instance:hrmstest.TestProcess@2df9b86]" started-at="2023-08-21T17:57:42 IST" name="testflow" data-provider="hrmsdatatest" finished-at="2023-08-21T17:58:00 IST" duration-ms="17748" status="PASS">
          <params>
            <param index="0">
              <value>
                <![CDATA[Employee [employeeName=Sri rama ayyappa Bhagavan siram (MT-01817), email=bhagavan.marolix@gmail.com, role=Employee, password=123456789, empId=null]]]>
              </value>
            </param>
          </params>
          <reporter-output>
          </reporter-output>
        </test-method> <!-- testflow -->
        <test-method signature="testflow(hrmstest.Employee)[pri:0, instance:hrmstest.TestProcess@2df9b86]" started-at="2023-08-21T17:58:00 IST" name="testflow" data-provider="hrmsdatatest" finished-at="2023-08-21T17:58:18 IST" duration-ms="17821" status="PASS">
          <params>
            <param index="0">
              <value>
                <![CDATA[Employee [employeeName=Guda Dhana Sekhar (MT-01798), email=dhanasekharmarolix@gmail.com, role=Employee, password=123456789, empId=null]]]>
              </value>
            </param>
          </params>
          <reporter-output>
          </reporter-output>
        </test-method> <!-- testflow -->
        <test-method signature="testflow(hrmstest.Employee)[pri:0, instance:hrmstest.TestProcess@2df9b86]" started-at="2023-08-21T17:58:18 IST" name="testflow" data-provider="hrmsdatatest" finished-at="2023-08-21T17:58:36 IST" duration-ms="17896" status="PASS">
          <params>
            <param index="0">
              <value>
                <![CDATA[Employee [employeeName=Shaik Jakeer hussain  (MT-01794), email=jakeerhussain.marolix@gmail.com, role=Employee, password=123456789, empId=null]]]>
              </value>
            </param>
          </params>
          <reporter-output>
          </reporter-output>
        </test-method> <!-- testflow -->
        <test-method signature="testflow(hrmstest.Employee)[pri:0, instance:hrmstest.TestProcess@2df9b86]" started-at="2023-08-21T17:58:36 IST" name="testflow" data-provider="hrmsdatatest" finished-at="2023-08-21T17:58:53 IST" duration-ms="17874" status="PASS">
          <params>
            <param index="0">
              <value>
                <![CDATA[Employee [employeeName=Bobbala Madhu gayathri  (MT-01754), email=madhu05.marolix@gmail.com, role=Employee, password=123456789, empId=null]]]>
              </value>
            </param>
          </params>
          <reporter-output>
          </reporter-output>
        </test-method> <!-- testflow -->
        <test-method signature="testflow(hrmstest.Employee)[pri:0, instance:hrmstest.TestProcess@2df9b86]" started-at="2023-08-21T17:58:53 IST" name="testflow" data-provider="hrmsdatatest" finished-at="2023-08-21T17:59:12 IST" duration-ms="18872" status="PASS">
          <params>
            <param index="0">
              <value>
                <![CDATA[Employee [employeeName=Sannayila Mahesh (MT-01677), email=mahesh2.marolix@gmail.com, role=Employee, password=123456789, empId=null]]]>
              </value>
            </param>
          </params>
          <reporter-output>
          </reporter-output>
        </test-method> <!-- testflow -->
        <test-method signature="testflow(hrmstest.Employee)[pri:0, instance:hrmstest.TestProcess@2df9b86]" started-at="2023-08-21T17:59:12 IST" name="testflow" data-provider="hrmsdatatest" finished-at="2023-08-21T17:59:31 IST" duration-ms="18859" status="PASS">
          <params>
            <param index="0">
              <value>
                <![CDATA[Employee [employeeName=Pagidimarri Navya (MT-01689), email=navyap.marolix@gmail.com, role=Employee, password=123456789, empId=null]]]>
              </value>
            </param>
          </params>
          <reporter-output>
          </reporter-output>
        </test-method> <!-- testflow -->
        <test-method signature="testflow(hrmstest.Employee)[pri:0, instance:hrmstest.TestProcess@2df9b86]" started-at="2023-08-21T17:59:31 IST" name="testflow" data-provider="hrmsdatatest" finished-at="2023-08-21T17:59:49 IST" duration-ms="18332" status="PASS">
          <params>
            <param index="0">
              <value>
                <![CDATA[Employee [employeeName=Pusala Praveen kumar (MT-01642), email=praveen7.marolix@gmail.com, role=Employee, password=123456789, empId=null]]]>
              </value>
            </param>
          </params>
          <reporter-output>
          </reporter-output>
        </test-method> <!-- testflow -->
        <test-method signature="testflow(hrmstest.Employee)[pri:0, instance:hrmstest.TestProcess@2df9b86]" started-at="2023-08-21T17:59:49 IST" name="testflow" data-provider="hrmsdatatest" finished-at="2023-08-21T18:00:07 IST" duration-ms="17945" status="PASS">
          <params>
            <param index="0">
              <value>
                <![CDATA[Employee [employeeName=Nuthi Ram kumar (MT-01816), email=ramkumar.marolix@gmail.com, role=Employee, password=123456789, empId=null]]]>
              </value>
            </param>
          </params>
          <reporter-output>
          </reporter-output>
        </test-method> <!-- testflow -->
        <test-method signature="testflow(hrmstest.Employee)[pri:0, instance:hrmstest.TestProcess@2df9b86]" started-at="2023-08-21T18:00:07 IST" name="testflow" data-provider="hrmsdatatest" finished-at="2023-08-21T18:00:26 IST" duration-ms="19003" status="PASS">
          <params>
            <param index="0">
              <value>
                <![CDATA[Employee [employeeName=Panga Ravi kumar (MT-01795), email=ravikumar.marolix@gmail.com, role=Employee, password=123456789, empId=null]]]>
              </value>
            </param>
          </params>
          <reporter-output>
          </reporter-output>
        </test-method> <!-- testflow -->
        <test-method signature="testflow(hrmstest.Employee)[pri:0, instance:hrmstest.TestProcess@2df9b86]" started-at="2023-08-21T18:00:26 IST" name="testflow" data-provider="hrmsdatatest" finished-at="2023-08-21T18:00:46 IST" duration-ms="19742" status="PASS">
          <params>
            <param index="0">
              <value>
                <![CDATA[Employee [employeeName=Sane Sasivardhan reddy (MT-01720), email=sasivardhan.marolix@gmail.com, role=Employee, password=123456789, empId=null]]]>
              </value>
            </param>
          </params>
          <reporter-output>
          </reporter-output>
        </test-method> <!-- testflow -->
        <test-method signature="testflow(hrmstest.Employee)[pri:0, instance:hrmstest.TestProcess@2df9b86]" started-at="2023-08-21T18:00:46 IST" name="testflow" data-provider="hrmsdatatest" finished-at="2023-08-21T18:01:04 IST" duration-ms="18145" status="PASS">
          <params>
            <param index="0">
              <value>
                <![CDATA[Employee [employeeName=Srinivasa Reddy P (MT-01688), email=srinivasa9.marolix@gmail.com, role=Employee, password=123456789, empId=null]]]>
              </value>
            </param>
          </params>
          <reporter-output>
          </reporter-output>
        </test-method> <!-- testflow -->
        <test-method signature="testflow(hrmstest.Employee)[pri:0, instance:hrmstest.TestProcess@2df9b86]" started-at="2023-08-21T18:01:04 IST" name="testflow" data-provider="hrmsdatatest" finished-at="2023-08-21T18:01:23 IST" duration-ms="18719" status="PASS">
          <params>
            <param index="0">
              <value>
                <![CDATA[Employee [employeeName=Katikala Venkata gopi (MT-01725), email=venkatagopi.marolix@gmail.com, role=Employee, password=123456789, empId=null]]]>
              </value>
            </param>
          </params>
          <reporter-output>
          </reporter-output>
        </test-method> <!-- testflow -->
        <test-method signature="testflow(hrmstest.Employee)[pri:0, instance:hrmstest.TestProcess@2df9b86]" started-at="2023-08-21T18:01:23 IST" name="testflow" data-provider="hrmsdatatest" finished-at="2023-08-21T18:01:41 IST" duration-ms="18270" status="PASS">
          <params>
            <param index="0">
              <value>
                <![CDATA[Employee [employeeName=Kalluri Anusha (MT-01698), email=kallurianu13marolix@gmail.com, role=Employee, password=123456789, empId=null]]]>
              </value>
            </param>
          </params>
          <reporter-output>
          </reporter-output>
        </test-method> <!-- testflow -->
        <test-method signature="testflow(hrmstest.Employee)[pri:0, instance:hrmstest.TestProcess@2df9b86]" started-at="2023-08-21T18:01:41 IST" name="testflow" data-provider="hrmsdatatest" finished-at="2023-08-21T18:01:59 IST" duration-ms="18218" status="PASS">
          <params>
            <param index="0">
              <value>
                <![CDATA[Employee [employeeName=Kondra Ravikumar (MT-01815), email=ravikumarkondramarolix@gmail.com, role=Employee, password=123456789, empId=null]]]>
              </value>
            </param>
          </params>
          <reporter-output>
          </reporter-output>
        </test-method> <!-- testflow -->
        <test-method signature="testflow(hrmstest.Employee)[pri:0, instance:hrmstest.TestProcess@2df9b86]" started-at="2023-08-21T18:01:59 IST" name="testflow" data-provider="hrmsdatatest" finished-at="2023-08-21T18:02:18 IST" duration-ms="18967" status="PASS">
          <params>
            <param index="0">
              <value>
                <![CDATA[Employee [employeeName=Kapu venkata  sridhar Sai teja  (MT-01820), email=sridharsai.marolix@gmail.com, role=Employee, password=123456789, empId=null]]]>
              </value>
            </param>
          </params>
          <reporter-output>
          </reporter-output>
        </test-method> <!-- testflow -->
        <test-method signature="testflow(hrmstest.Employee)[pri:0, instance:hrmstest.TestProcess@2df9b86]" started-at="2023-08-21T18:02:18 IST" name="testflow" data-provider="hrmsdatatest" finished-at="2023-08-21T18:02:37 IST" duration-ms="18571" status="PASS">
          <params>
            <param index="0">
              <value>
                <![CDATA[Employee [employeeName=Vemireddy  Rushitha (MT-01706), email=rushireddy.marolix@gmail.com, role=Employee, password=123456789, empId=null]]]>
              </value>
            </param>
          </params>
          <reporter-output>
          </reporter-output>
        </test-method> <!-- testflow -->
        <test-method is-config="true" signature="teardown()[pri:0, instance:hrmstest.TestProcess@2df9b86]" started-at="2023-08-21T18:02:37 IST" name="teardown" finished-at="2023-08-21T18:02:37 IST" duration-ms="158" status="PASS">
          <reporter-output>
          </reporter-output>
        </test-method> <!-- teardown -->
      </class> <!-- hrmstest.TestProcess -->
    </test> <!-- Default test -->
  </suite> <!-- Default suite -->
</testng-results>
