<?xml version="1.0" encoding="UTF-8"?>
<!-- Generated by org.testng.reporters.JUnitXMLReporter -->
<testsuite ignored="0" hostname="DESKTOP-1KMDQFU" failures="0" tests="38" name="Default test" time="706.91" errors="0" timestamp="2023-08-21T18:02:37 IST">
  <testcase classname="hrmstest.TestProcess" name="testflow" time="19.17"/>
  <testcase classname="hrmstest.TestProcess" name="testflow" time="18.177"/>
  <testcase classname="hrmstest.TestProcess" name="testflow" time="18.489"/>
  <testcase classname="hrmstest.TestProcess" name="testflow" time="17.971"/>
  <testcase classname="hrmstest.TestProcess" name="testflow" time="18.311"/>
  <testcase classname="hrmstest.TestProcess" name="testflow" time="17.747"/>
  <testcase classname="hrmstest.TestProcess" name="testflow" time="17.887"/>
  <testcase classname="hrmstest.TestProcess" name="testflow" time="18.259"/>
  <testcase classname="hrmstest.TestProcess" name="testflow" time="18.214"/>
  <testcase classname="hrmstest.TestProcess" name="testflow" time="17.853"/>
  <testcase classname="hrmstest.TestProcess" name="testflow" time="17.755"/>
  <testcase classname="hrmstest.TestProcess" name="testflow" time="17.736"/>
  <testcase classname="hrmstest.TestProcess" name="testflow" time="20.805"/>
  <testcase classname="hrmstest.TestProcess" name="testflow" time="21.373"/>
  <testcase classname="hrmstest.TestProcess" name="testflow" time="17.9"/>
  <testcase classname="hrmstest.TestProcess" name="testflow" time="18.501"/>
  <testcase classname="hrmstest.TestProcess" name="testflow" time="18.296"/>
  <testcase classname="hrmstest.TestProcess" name="testflow" time="17.931"/>
  <testcase classname="hrmstest.TestProcess" name="testflow" time="18.109"/>
  <testcase classname="hrmstest.TestProcess" name="testflow" time="17.737"/>
  <testcase classname="hrmstest.TestProcess" name="testflow" time="17.559"/>
  <testcase classname="hrmstest.TestProcess" name="testflow" time="17.559"/>
  <testcase classname="hrmstest.TestProcess" name="testflow" time="17.748"/>
  <testcase classname="hrmstest.TestProcess" name="testflow" time="17.821"/>
  <testcase classname="hrmstest.TestProcess" name="testflow" time="17.896"/>
  <testcase classname="hrmstest.TestProcess" name="testflow" time="17.874"/>
  <testcase classname="hrmstest.TestProcess" name="testflow" time="18.872"/>
  <testcase classname="hrmstest.TestProcess" name="testflow" time="18.859"/>
  <testcase classname="hrmstest.TestProcess" name="testflow" time="18.332"/>
  <testcase classname="hrmstest.TestProcess" name="testflow" time="17.945"/>
  <testcase classname="hrmstest.TestProcess" name="testflow" time="19.003"/>
  <testcase classname="hrmstest.TestProcess" name="testflow" time="19.742"/>
  <testcase classname="hrmstest.TestProcess" name="testflow" time="18.145"/>
  <testcase classname="hrmstest.TestProcess" name="testflow" time="18.719"/>
  <testcase classname="hrmstest.TestProcess" name="testflow" time="18.27"/>
  <testcase classname="hrmstest.TestProcess" name="testflow" time="18.218"/>
  <testcase classname="hrmstest.TestProcess" name="testflow" time="18.967"/>
  <testcase classname="hrmstest.TestProcess" name="testflow" time="18.571"/>
</testsuite> <!-- Default test -->
